2017-08-07 09:11:42 -  - exec CUpdateClientPartner::SearchModulesEx
2017-08-07 09:11:42 -  - exec CUpdateClientPartner::__CollectRequestData
2017-08-07 09:11:42 -  - utf=Y&lang=ru&stable=Y&CANGZIP=Y&SUPD_DBS=MYSQL&XE=N&CLIENT_SITE=bitrix.ru&LICENSE_KEY=X&SUPD_STS=1&SUPD_URS=0&SUPD_URSA=1&TYPENC=D&CLIENT_PHPVER=5.5.38&NGINX=Y&dbv=5.5.53&instm=main%2C17.0.9%2CY%3Bb24connector%2C17.0.1%2CN%3Bbitrix.sitecorporate%2C15.5.0%2CN%3Bbitrix.siteinfoportal%2C15.5.0%2CN%3Bbitrix.sitepersonal%2C15.5.0%2CN%3Bbitrixcloud%2C17.0.0%2CN%3Bblog%2C17.5.2%2CN%3Bclouds%2C17.0.0%2CN%3Bcompression%2C16.0.0%2CN%3Bfileman%2C17.5.0%2CN%3Bform%2C17.0.1%2CN%3Bforum%2C17.5.1%2CN%3Bhighloadblock%2C17.0.2%2CN%3Biblock%2C17.0.9%2CN%3Bmobileapp%2C17.0.1%2CN%3Bperfmon%2C17.0.0%2CN%3Bphotogallery%2C17.0.2%2CN%3Bscale%2C17.0.0%2CN%3Bsearch%2C17.0.1%2CN%3Bsecurity%2C17.0.1%2CN%3Bseo%2C17.0.6%2CN%3Bsocialservices%2C17.1.4%2CN%3Bsubscribe%2C17.0.0%2CN%3Btranslate%2C15.0.0%2CN%3Bvote%2C17.5.0%2CN&search_module_id=&search_module=&search_category=7%2C14&search_type=&search_order=DESC&search_order_by=SORT&search_page=1&SUPD_SRS=RU&SUPD_CMP=N
2017-08-07 09:11:42 -  - exec CUpdateClientPartner::GetHTTPPage
2017-08-07 09:11:44 -  - TIME SearchModulesEx(request) 2.056 sec
2017-08-07 09:11:44 -  - exec CUpdateClientPartner::ParseServerData
2017-08-07 09:12:08 -  - exec CUpdateClientPartner::LoadModulesUpdates
2017-08-07 09:12:08 -  - exec CUpdateClientPartner::__CollectRequestData
2017-08-07 09:12:08 -  - utf=Y&lang=ru&stable=Y&CANGZIP=Y&SUPD_DBS=MYSQL&XE=N&CLIENT_SITE=bitrix.ru&LICENSE_KEY=X&SUPD_STS=1&SUPD_URS=0&SUPD_URSA=1&TYPENC=D&CLIENT_PHPVER=5.5.38&NGINX=Y&dbv=5.5.53&instm=main%2C17.0.9%2CY%3Bb24connector%2C17.0.1%2CN%3Bbitrix.sitecorporate%2C15.5.0%2CN%3Bbitrix.siteinfoportal%2C15.5.0%2CN%3Bbitrix.sitepersonal%2C15.5.0%2CN%3Bbitrixcloud%2C17.0.0%2CN%3Bblog%2C17.5.2%2CN%3Bclouds%2C17.0.0%2CN%3Bcompression%2C16.0.0%2CN%3Bfileman%2C17.5.0%2CN%3Bform%2C17.0.1%2CN%3Bforum%2C17.5.1%2CN%3Bhighloadblock%2C17.0.2%2CN%3Biblock%2C17.0.9%2CN%3Bmobileapp%2C17.0.1%2CN%3Bperfmon%2C17.0.0%2CN%3Bphotogallery%2C17.0.2%2CN%3Bscale%2C17.0.0%2CN%3Bsearch%2C17.0.1%2CN%3Bsecurity%2C17.0.1%2CN%3Bseo%2C17.0.6%2CN%3Bsocialservices%2C17.1.4%2CN%3Bsubscribe%2C17.0.0%2CN%3Btranslate%2C15.0.0%2CN%3Bvote%2C17.5.0%2CN&reqm=nsandrey.emptyinstall&lim=Y&SUPD_SRS=RU&SUPD_CMP=N
2017-08-07 09:12:08 -  - exec CUpdateClientPartner::GetHTTPPage
2017-08-07 09:12:09 -  - TIME LoadModulesUpdates(request) 0.7 sec
2017-08-07 09:12:09 -  - exec CUpdateClientPartner::ParseServerData
2017-08-07 09:12:09 - S - STEP
2017-08-07 09:12:09 - LM4W01 - loadModule4Wizard-Step
2017-08-07 09:12:10 -  - exec CUpdateClientPartner::LoadModulesUpdates
2017-08-07 09:12:10 -  - exec CUpdateClientPartner::ParseServerData
2017-08-07 09:12:10 -  - loadFile
2017-08-07 09:12:10 - U - RETURN
2017-08-07 09:12:10 -  - exec CUpdateClientPartner::UnGzipArchive
2017-08-07 09:12:10 -  - TIME UnGzipArchive 0.293 sec
2017-08-07 09:12:11 -  - TIME UpdateStepModules 0.258 sec
2017-08-07 09:12:11 -  - exec CUpdateClientPartner::LoadModulesUpdates
2017-08-07 09:12:11 -  - exec CUpdateClientPartner::__CollectRequestData
2017-08-07 09:12:11 -  - utf=Y&lang=ru&stable=Y&CANGZIP=Y&SUPD_DBS=MYSQL&XE=N&CLIENT_SITE=bitrix.ru&LICENSE_KEY=X&SUPD_STS=1&SUPD_URS=0&SUPD_URSA=1&TYPENC=D&CLIENT_PHPVER=5.5.38&NGINX=Y&dbv=5.5.53&instm=main%2C17.0.9%2CY%3Bb24connector%2C17.0.1%2CN%3Bbitrix.sitecorporate%2C15.5.0%2CN%3Bbitrix.siteinfoportal%2C15.5.0%2CN%3Bbitrix.sitepersonal%2C15.5.0%2CN%3Bbitrixcloud%2C17.0.0%2CN%3Bblog%2C17.5.2%2CN%3Bclouds%2C17.0.0%2CN%3Bcompression%2C16.0.0%2CN%3Bfileman%2C17.5.0%2CN%3Bform%2C17.0.1%2CN%3Bforum%2C17.5.1%2CN%3Bhighloadblock%2C17.0.2%2CN%3Biblock%2C17.0.9%2CN%3Bmobileapp%2C17.0.1%2CN%3Bnsandrey.emptyinstall%2C1.0.2%2CN%3Bperfmon%2C17.0.0%2CN%3Bphotogallery%2C17.0.2%2CN%3Bscale%2C17.0.0%2CN%3Bsearch%2C17.0.1%2CN%3Bsecurity%2C17.0.1%2CN%3Bseo%2C17.0.6%2CN%3Bsocialservices%2C17.1.4%2CN%3Bsubscribe%2C17.0.0%2CN%3Btranslate%2C15.0.0%2CN%3Bvote%2C17.5.0%2CN&reqm=nsandrey.emptyinstall&lim=Y&SUPD_SRS=RU&SUPD_CMP=N
2017-08-07 09:12:11 -  - exec CUpdateClientPartner::GetHTTPPage
2017-08-07 09:12:12 -  - TIME LoadModulesUpdates(request) 0.639 sec
2017-08-07 09:12:12 -  - exec CUpdateClientPartner::ParseServerData
2017-08-07 09:12:12 - STEP - Finish - NOUPDATES
2017-08-07 09:12:12 - LM4W03 - Finish - NOUPDATES
